2017-10-04 14:33:26 -> Undefined index: DATABASE in F:\xampp\htdocs\telegram-bot-framework\src\core\Helpers.php at line 11
2017-10-04 16:46:01 -> SQLSTATE[42000]: Syntax error or access violation: 1103 Incorrect table name 'SELECT ' in F:\xampp\htdocs\telegram-bot-framework\src\core\database\DB.php at line 166
2017-10-04 16:47:19 -> SQLSTATE[42000]: Syntax error or access violation: 1103 Incorrect table name 'SELECT ' in F:\xampp\htdocs\telegram-bot-framework\src\core\database\DB.php at line 166
2017-10-04 17:16:39 -> SQLSTATE[42000]: Syntax error or access violation: 1103 Incorrect table name 'SELECT ' in F:\xampp\htdocs\telegram-bot-framework\src\core\database\DB.php at line 166
2017-10-04 17:20:32 -> SQLSTATE[42000]: Syntax error or access violation: 1064 You have an error in your SQL syntax; check the manual that corresponds to your MariaDB server version for the right syntax to use near '` = 'teacher_interface') AND (`TABLE_NAME` = 'keyboards') AND (`COLUMN_KEY` = 'P' at line 1 in F:\xampp\htdocs\telegram-bot-framework\src\core\database\DB.php at line 166
2017-10-04 17:25:01 -> SQLSTATE[42000]: Syntax error or access violation: 1064 You have an error in your SQL syntax; check the manual that corresponds to your MariaDB server version for the right syntax to use near '` = 'teacher_interface') AND (`TABLE_NAME` = 'keyboards') AND (`COLUMN_KEY` = 'P' at line 1 in F:\xampp\htdocs\telegram-bot-framework\src\core\database\DB.php at line 166
2017-10-04 17:52:41 -> SQLSTATE[42S22]: Column not found: 1054 Unknown column 'COLUMN_NAME' in 'field list' in F:\xampp\htdocs\telegram-bot-framework\src\core\database\DB.php at line 167
2017-10-04 18:07:25 -> SQLSTATE[42S22]: Column not found: 1054 Unknown column 'COLUMN_NAME' in 'field list' in F:\xampp\htdocs\telegram-bot-framework\src\core\database\DB.php at line 180
2017-10-04 18:47:08 -> SQLSTATE[42S22]: Column not found: 1054 Unknown column 'keyboards' in 'where clause' in F:\xampp\htdocs\telegram-bot-framework\src\core\database\DB.php at line 180
2017-10-04 19:03:29 -> SQLSTATE[42S22]: Column not found: 1054 Unknown column 'keyboards' in 'where clause' in F:\xampp\htdocs\telegram-bot-framework\src\core\database\DB.php at line 180
2017-10-04 19:39:37 -> Cannot access non-public member Robot\Core\Database\DataRow::connection in F:\xampp\htdocs\telegram-bot-framework\src\core\database\DataRow.php at line 68
2017-10-04 19:42:13 -> Cannot access non-public member Robot\Core\Database\DataRow::attributes in F:\xampp\htdocs\telegram-bot-framework\src\core\database\DataRow.php at line 67
2017-10-04 19:43:59 -> Non-static method ReflectionProperty::setAccessible() cannot be called statically in F:\xampp\htdocs\telegram-bot-framework\src\core\database\DataRow.php at line 65
2017-10-04 19:44:24 -> ReflectionProperty::getValue() expects exactly 1 parameter, 0 given in F:\xampp\htdocs\telegram-bot-framework\src\core\database\DataRow.php at line 68
2017-10-04 19:57:37 -> SQLSTATE[42000]: Syntax error or access violation: 1064 You have an error in your SQL syntax; check the manual that corresponds to your MariaDB server version for the right syntax to use near 'WHERE (`id`=2)' at line 1 in F:\xampp\htdocs\telegram-bot-framework\src\core\database\DB.php at line 293
2017-10-04 20:08:27 -> Array to string conversion in F:\xampp\htdocs\telegram-bot-framework\src\core\database\DB.php at line 81
2017-10-04 21:15:48 -> Array to string conversion in F:\xampp\htdocs\telegram-bot-framework\src\core\database\DataRow.php at line 71
2017-10-04 21:34:03 -> Array to string conversion in F:\xampp\htdocs\telegram-bot-framework\src\core\database\DataRow.php at line 73
2017-10-04 21:34:52 -> Array to string conversion in F:\xampp\htdocs\telegram-bot-framework\src\core\database\DataRow.php at line 73
2017-10-04 21:35:20 -> Array to string conversion in F:\xampp\htdocs\telegram-bot-framework\src\core\database\DataRow.php at line 73
2017-10-04 21:52:39 -> Argument 1 passed to Robot\Core\Database\DataRow::__construct() must implement interface Robot\Core\Contracts\IModel, string given, called in F:\xampp\htdocs\telegram-bot-framework\src\core\baseclasses\BaseModel.php on line 200 in F:\xampp\htdocs\telegram-bot-framework\src\core\database\DataRow.php at line 24
2017-10-04 22:52:43 -> Invalid argument supplied for foreach() in F:\xampp\htdocs\telegram-bot-framework\src\core\baseclasses\BaseModel.php at line 207
2017-10-04 23:04:54 -> SQLSTATE[42000]: Syntax error or access violation: 1064 You have an error in your SQL syntax; check the manual that corresponds to your MariaDB server version for the right syntax to use near '(`id`=5 or`id`=6)' at line 1 in F:\xampp\htdocs\telegram-bot-framework\src\core\database\DB.php at line 312
2017-10-04 23:05:50 -> SQLSTATE[42000]: Syntax error or access violation: 1064 You have an error in your SQL syntax; check the manual that corresponds to your MariaDB server version for the right syntax to use near 'WHERE (`id`=5 or`id`=6)' at line 1 in F:\xampp\htdocs\telegram-bot-framework\src\core\database\DB.php at line 212
2017-10-04 23:06:47 -> SQLSTATE[42000]: Syntax error or access violation: 1064 You have an error in your SQL syntax; check the manual that corresponds to your MariaDB server version for the right syntax to use near 'WHERE (`id`=5 or`id`=6)' at line 1 in F:\xampp\htdocs\telegram-bot-framework\src\core\database\DB.php at line 213
2017-10-04 23:08:09 -> SQLSTATE[42000]: Syntax error or access violation: 1064 You have an error in your SQL syntax; check the manual that corresponds to your MariaDB server version for the right syntax to use near 'WHERE (`id`=5 or`id`=6)' at line 1 in F:\xampp\htdocs\telegram-bot-framework\src\core\database\DB.php at line 212
2017-10-04 23:17:21 -> Cannot use object of type Robot\Core\Database\DataRow as array in F:\xampp\htdocs\telegram-bot-framework\tester.php at line 25
2017-10-06 11:12:25 -> SQLSTATE[42000]: Syntax error or access violation: 1064 You have an error in your SQL syntax; check the manual that corresponds to your MariaDB server version for the right syntax to use near '``,``keyboardposts__keyboard_id``,``keyboardposts__post_id``,``posts__id``,``pos' at line 1 in F:\xampp\htdocs\telegram-bot-framework\src\core\database\DB.php at line 211
2017-10-06 11:15:02 -> SQLSTATE[42S22]: Column not found: 1054 Unknown column 'keyboardposts__id' in 'field list' in F:\xampp\htdocs\telegram-bot-framework\src\core\database\DB.php at line 211
2017-10-06 11:45:54 -> SQLSTATE[23000]: Integrity constraint violation: 1052 Column 'id' in field list is ambiguous in F:\xampp\htdocs\telegram-bot-framework\src\core\database\DB.php at line 220
2017-10-06 13:38:26 -> Undefined offset: 1 in F:\xampp\htdocs\telegram-bot-framework\src\core\baseclasses\BaseModel.php at line 218
2017-10-06 14:00:15 -> Undefined offset: 2 in F:\xampp\htdocs\telegram-bot-framework\tester.php at line 9
2017-10-06 14:38:25 -> Undefined variable: posts in F:\xampp\htdocs\telegram-bot-framework\tester.php at line 7
2017-10-06 17:04:36 -> Undefined index: id in F:\xampp\htdocs\telegram-bot-framework\src\core\baseclasses\BaseModel.php at line 280
2017-10-06 17:06:30 -> Undefined index: id in F:\xampp\htdocs\telegram-bot-framework\src\core\baseclasses\BaseModel.php at line 281
2017-10-06 17:45:31 -> Access to undeclared static property: Robot\Models\Keyboard::$primary_key_name in F:\xampp\htdocs\telegram-bot-framework\src\core\baseclasses\BaseModel.php at line 164
2017-10-06 17:54:07 -> SQLSTATE[23000]: Integrity constraint violation: 1062 Duplicate entry '1-a' for key 'PRIMARY' in F:\xampp\htdocs\telegram-bot-framework\src\core\database\DB.php at line 278
